[LOG] System::create                           : Header version = 1.10.13. Current version = 1.10.13.
[LOG] Manager::init                            : maxchannels = 256 studioflags = 00000006 flags 00000000 extradriverdata 0000000000000000.
[LOG] SystemI::init                            : Initialize version=11013 (102169), maxchannels=256, flags=0x00020000
[LOG] SystemI::setOutputInternal               : Setting output to 'FMOD WASAPI Output'
[LOG] OutputWASAPI::init                       : Mix Format (WAVEFORMATEX): wFormatTag=0xFFFE, nChannels=8, nSamplesPerSec=96000, nAvgBytesPerSec=3072000, nBlockAlign=32, wBitsPerSample=32, cbSize=22.
[LOG] OutputWASAPI::init                       : Mix Format (WAVEFORMATEXTENSIBLE): wValidBitsPerSample=32, dwChannelMask=0x0000063F, SubFormat=00000003-0000-0010-8000-00AA00389B71.
[LOG] OutputWASAPI::init                       : Output buffer size: 8192 samples, latency: 0.00ms, period: 10.00ms, DSP buffer: 1024 * 4
[WRN] SystemI::init                            : Output requires a sample rate of 96000Hz, resampling will occur.
[LOG] DownMix::init                            : dspbuffersize: 1024  rate: 48000. output speaker mode: 7, input speaker mode 3
[LOG] DownMix::init                            : done.
[LOG] Thread::initThread                       : Init FMOD stream thread. Priority: 2, Stack Size: 65536, Semaphore: No, Sleep Time: 10, Looping: Yes.
[LOG] Thread::initThread                       : Init FMOD mixer thread. Priority: 3, Stack Size: 49152, Semaphore: No, Sleep Time: 0, Looping: Yes.
[LOG] AsyncManager::init                       : manager 0000024B3368FB28 isAsync 0 updatePeriod 0.02
[LOG] AsyncManager::init                       : done
[LOG] PlaybackSystem::init                     : 
[LOG] Thread::initThread                       : Init FMOD Studio sample load thread. Priority: 0, Stack Size: 65536, Semaphore: No, Sleep Time: 1, Looping: No.
[LOG] PlaybackSystem::init                     : done
[LOG] Thread::initThread                       : Init FMOD Studio bank load thread. Priority: 0, Stack Size: 65536, Semaphore: No, Sleep Time: 1, Looping: No.
[LOG] Manager::init                            : done.
[LOG] Manager::readBank                        : fileversion = 103, compatVersion = 99 (oldest = 44, newest = 103)
[LOG] Manager::readBank                        : fileversion = 103, compatVersion = 99 (oldest = 44, newest = 103)
[LOG] Manager::readBank                        : fileversion = 103, compatVersion = 99 (oldest = 44, newest = 103)
[LOG] SystemI::createSoundInternal             : Create name='', mode=0x02000202
[LOG] SystemI::createSoundInternal             : exinfo->cbsize             = 232
[LOG] SystemI::createSoundInternal             : exinfo->length             = 1345888
[LOG] SystemI::createSoundInternal             : exinfo->fileoffset         = 24032
[LOG] SystemI::createSoundInternal             : exinfo->numsubsounds       = 1
[LOG] SystemI::createSoundInternal             : exinfo->inclusionlist      = 0000004D4EB6F0BC
[LOG] SystemI::createSoundInternal             : exinfo->inclusionlistnum   = 1
[LOG] SystemI::createSoundInternal             : exinfo->suggestedsoundtype = 5
[LOG] SystemI::createSoundInternal             : exinfo->useropen           = 00007FFC11B80EE0
[LOG] SystemI::createSoundInternal             : exinfo->userclose          = 00007FFC11B80EB0
[LOG] SystemI::createSoundInternal             : exinfo->userread           = 00007FFC11B80FB0
[LOG] SystemI::createSoundInternal             : exinfo->userseek           = 00007FFC11B81070
[LOG] SystemI::createSoundInternal             : exinfo->fileuserdata       = 0000024B1155F908
[LOG] SystemI::createSoundInternal             : exinfo->initialseekpostype = 1
[LOG] SystemI::DSPCodecPoolRegister            : register codec pool for pool type 5
[LOG] SystemI::createSoundInternal             : Sample 0/1: name='Metallic ThinRod', format=2, channels=2, frequency=48000, lengthbytes=4768, lengthpcm=14899, pcmblocksize=0, loopstart=0, loopend=0, mode=0x00000000, channelmask=0x00000000, channelorder=0, peakvolume=0.999969.
[LOG] SystemI::createSoundInternal             : Create name='', mode=0x02000202
[LOG] SystemI::createSoundInternal             : exinfo->cbsize             = 232
[LOG] SystemI::createSoundInternal             : exinfo->length             = 1345888
[LOG] SystemI::createSoundInternal             : exinfo->fileoffset         = 24032
[LOG] SystemI::createSoundInternal             : exinfo->numsubsounds       = 1
[LOG] SystemI::createSoundInternal             : exinfo->inclusionlist      = 0000004D4EB6F0BC
[LOG] SystemI::createSoundInternal             : exinfo->inclusionlistnum   = 1
[LOG] SystemI::createSoundInternal             : exinfo->suggestedsoundtype = 5
[LOG] SystemI::createSoundInternal             : exinfo->useropen           = 00007FFC11B80EE0
[LOG] SystemI::createSoundInternal             : exinfo->userclose          = 00007FFC11B80EB0
[LOG] SystemI::createSoundInternal             : exinfo->userread           = 00007FFC11B80FB0
[LOG] SystemI::createSoundInternal             : exinfo->userseek           = 00007FFC11B81070
[LOG] SystemI::createSoundInternal             : exinfo->fileuserdata       = 0000024B1155F908
[LOG] SystemI::createSoundInternal             : exinfo->initialseekpostype = 1
[LOG] SystemI::DSPCodecPoolRegister            : register codec pool for pool type 5
[LOG] SystemI::createSoundInternal             : Sample 0/1: name='Metallic DropTwo', format=2, channels=2, frequency=48000, lengthbytes=4896, lengthpcm=14427, pcmblocksize=0, loopstart=0, loopend=0, mode=0x00000000, channelmask=0x00000000, channelorder=0, peakvolume=1.000000.
[LOG] SystemI::createSoundInternal             : Create name='', mode=0x02000202
[LOG] SystemI::createSoundInternal             : exinfo->cbsize             = 232
[LOG] SystemI::createSoundInternal             : exinfo->length             = 1345888
[LOG] SystemI::createSoundInternal             : exinfo->fileoffset         = 24032
[LOG] SystemI::createSoundInternal             : exinfo->numsubsounds       = 1
[LOG] SystemI::createSoundInternal             : exinfo->inclusionlist      = 0000004D4EB6F0BC
[LOG] SystemI::createSoundInternal             : exinfo->inclusionlistnum   = 1
[LOG] SystemI::createSoundInternal             : exinfo->suggestedsoundtype = 5
[LOG] SystemI::createSoundInternal             : exinfo->useropen           = 00007FFC11B80EE0
[LOG] SystemI::createSoundInternal             : exinfo->userclose          = 00007FFC11B80EB0
[LOG] SystemI::createSoundInternal             : exinfo->userread           = 00007FFC11B80FB0
[LOG] SystemI::createSoundInternal             : exinfo->userseek           = 00007FFC11B81070
[LOG] SystemI::createSoundInternal             : exinfo->fileuserdata       = 0000024B1155F908
[LOG] SystemI::createSoundInternal             : exinfo->initialseekpostype = 1
[LOG] SystemI::DSPCodecPoolRegister            : register codec pool for pool type 5
[LOG] SystemI::createSoundInternal             : Sample 0/1: name='Metallic DontFront', format=2, channels=2, frequency=48000, lengthbytes=9056, lengthpcm=41943, pcmblocksize=0, loopstart=0, loopend=0, mode=0x00000000, channelmask=0x00000000, channelorder=0, peakvolume=1.000000.
[LOG] SystemI::createSoundInternal             : Create name='', mode=0x02000202
[LOG] SystemI::createSoundInternal             : exinfo->cbsize             = 232
[LOG] SystemI::createSoundInternal             : exinfo->length             = 1345888
[LOG] SystemI::createSoundInternal             : exinfo->fileoffset         = 24032
[LOG] SystemI::createSoundInternal             : exinfo->numsubsounds       = 1
[LOG] SystemI::createSoundInternal             : exinfo->inclusionlist      = 0000004D4EB6F0BC
[LOG] SystemI::createSoundInternal             : exinfo->inclusionlistnum   = 1
[LOG] SystemI::createSoundInternal             : exinfo->suggestedsoundtype = 5
[LOG] SystemI::createSoundInternal             : exinfo->useropen           = 00007FFC11B80EE0
[LOG] SystemI::createSoundInternal             : exinfo->userclose          = 00007FFC11B80EB0
[LOG] SystemI::createSoundInternal             : exinfo->userread           = 00007FFC11B80FB0
[LOG] SystemI::createSoundInternal             : exinfo->userseek           = 00007FFC11B81070
[LOG] SystemI::createSoundInternal             : exinfo->fileuserdata       = 0000024B1155F908
[LOG] SystemI::createSoundInternal             : exinfo->initialseekpostype = 1
[LOG] SystemI::DSPCodecPoolRegister            : register codec pool for pool type 5
[LOG] SystemI::createSoundInternal             : Sample 0/1: name='Metallic Metallite 1', format=2, channels=2, frequency=48000, lengthbytes=1824, lengthpcm=4736, pcmblocksize=0, loopstart=0, loopend=0, mode=0x00000000, channelmask=0x00000000, channelorder=0, peakvolume=0.829320.
[LOG] SystemI::createSoundInternal             : Create name='', mode=0x02000202
[LOG] SystemI::createSoundInternal             : exinfo->cbsize             = 232
[LOG] SystemI::createSoundInternal             : exinfo->length             = 1345888
[LOG] SystemI::createSoundInternal             : exinfo->fileoffset         = 24032
[LOG] SystemI::createSoundInternal             : exinfo->numsubsounds       = 1
[LOG] SystemI::createSoundInternal             : exinfo->inclusionlist      = 0000004D4EB6F0BC
[LOG] SystemI::createSoundInternal             : exinfo->inclusionlistnum   = 1
[LOG] SystemI::createSoundInternal             : exinfo->suggestedsoundtype = 5
[LOG] SystemI::createSoundInternal             : exinfo->useropen           = 00007FFC11B80EE0
[LOG] SystemI::createSoundInternal             : exinfo->userclose          = 00007FFC11B80EB0
[LOG] SystemI::createSoundInternal             : exinfo->userread           = 00007FFC11B80FB0
[LOG] SystemI::createSoundInternal             : exinfo->userseek           = 00007FFC11B81070
[LOG] SystemI::createSoundInternal             : exinfo->fileuserdata       = 0000024B1155F908
[LOG] SystemI::createSoundInternal             : exinfo->initialseekpostype = 1
[LOG] SystemI::DSPCodecPoolRegister            : register codec pool for pool type 5
[LOG] SystemI::createSoundInternal             : Sample 0/1: name='Metal Hardfist', format=2, channels=2, frequency=48000, lengthbytes=7872, lengthpcm=27624, pcmblocksize=0, loopstart=0, loopend=0, mode=0x00000000, channelmask=0x00000000, channelorder=0, peakvolume=1.000000.
[LOG] SystemI::createSoundInternal             : Create name='', mode=0x02000202
[LOG] SystemI::createSoundInternal             : exinfo->cbsize             = 232
[LOG] SystemI::createSoundInternal             : exinfo->length             = 1345888
[LOG] SystemI::createSoundInternal             : exinfo->fileoffset         = 24032
[LOG] SystemI::createSoundInternal             : exinfo->numsubsounds       = 1
[LOG] SystemI::createSoundInternal             : exinfo->inclusionlist      = 0000004D4EB6F0BC
[LOG] SystemI::createSoundInternal             : exinfo->inclusionlistnum   = 1
[LOG] SystemI::createSoundInternal             : exinfo->suggestedsoundtype = 5
[LOG] SystemI::createSoundInternal             : exinfo->useropen           = 00007FFC11B80EE0
[LOG] SystemI::createSoundInternal             : exinfo->userclose          = 00007FFC11B80EB0
[LOG] SystemI::createSoundInternal             : exinfo->userread           = 00007FFC11B80FB0
[LOG] SystemI::createSoundInternal             : exinfo->userseek           = 00007FFC11B81070
[LOG] SystemI::createSoundInternal             : exinfo->fileuserdata       = 0000024B1155F908
[LOG] SystemI::createSoundInternal             : exinfo->initialseekpostype = 1
[LOG] SystemI::DSPCodecPoolRegister            : register codec pool for pool type 5
[LOG] SystemI::createSoundInternal             : Sample 0/1: name='Metallic ThinPiece', format=2, channels=2, frequency=48000, lengthbytes=6720, lengthpcm=31486, pcmblocksize=0, loopstart=0, loopend=0, mode=0x00000000, channelmask=0x00000000, channelorder=0, peakvolume=0.991831.
[LOG] SystemI::createSoundInternal             : Create name='', mode=0x02000202
[LOG] SystemI::createSoundInternal             : exinfo->cbsize             = 232
[LOG] SystemI::createSoundInternal             : exinfo->length             = 1345888
[LOG] SystemI::createSoundInternal             : exinfo->fileoffset         = 24032
[LOG] SystemI::createSoundInternal             : exinfo->numsubsounds       = 1
[LOG] SystemI::createSoundInternal             : exinfo->inclusionlist      = 0000004D4EB6F0BC
[LOG] SystemI::createSoundInternal             : exinfo->inclusionlistnum   = 1
[LOG] SystemI::createSoundInternal             : exinfo->suggestedsoundtype = 5
[LOG] SystemI::createSoundInternal             : exinfo->useropen           = 00007FFC11B80EE0
[LOG] SystemI::createSoundInternal             : exinfo->userclose          = 00007FFC11B80EB0
[LOG] SystemI::createSoundInternal             : exinfo->userread           = 00007FFC11B80FB0
[LOG] SystemI::createSoundInternal             : exinfo->userseek           = 00007FFC11B81070
[LOG] SystemI::createSoundInternal             : exinfo->fileuserdata       = 0000024B1155F908
[LOG] SystemI::createSoundInternal             : exinfo->initialseekpostype = 1
[LOG] SystemI::DSPCodecPoolRegister            : register codec pool for pool type 5
[LOG] SystemI::createSoundInternal             : Sample 0/1: name='Metallic Ektl B', format=2, channels=2, frequency=48000, lengthbytes=5600, lengthpcm=19050, pcmblocksize=0, loopstart=0, loopend=0, mode=0x00000000, channelmask=0x00000000, channelorder=0, peakvolume=0.997955.
[LOG] SystemI::createSoundInternal             : Create name='', mode=0x02000202
[LOG] SystemI::createSoundInternal             : exinfo->cbsize             = 232
[LOG] SystemI::createSoundInternal             : exinfo->length             = 1345888
[LOG] SystemI::createSoundInternal             : exinfo->fileoffset         = 24032
[LOG] SystemI::createSoundInternal             : exinfo->numsubsounds       = 1
[LOG] SystemI::createSoundInternal             : exinfo->inclusionlist      = 0000004D4EB6F0BC
[LOG] SystemI::createSoundInternal             : exinfo->inclusionlistnum   = 1
[LOG] SystemI::createSoundInternal             : exinfo->suggestedsoundtype = 5
[LOG] SystemI::createSoundInternal             : exinfo->useropen           = 00007FFC11B80EE0
[LOG] SystemI::createSoundInternal             : exinfo->userclose          = 00007FFC11B80EB0
[LOG] SystemI::createSoundInternal             : exinfo->userread           = 00007FFC11B80FB0
[LOG] SystemI::createSoundInternal             : exinfo->userseek           = 00007FFC11B81070
[LOG] SystemI::createSoundInternal             : exinfo->fileuserdata       = 0000024B1155F908
[LOG] SystemI::createSoundInternal             : exinfo->initialseekpostype = 1
[LOG] SystemI::DSPCodecPoolRegister            : register codec pool for pool type 5
[LOG] SystemI::createSoundInternal             : Sample 0/1: name='Metallic AllOver', format=2, channels=2, frequency=48000, lengthbytes=8192, lengthpcm=41865, pcmblocksize=0, loopstart=0, loopend=0, mode=0x00000000, channelmask=0x00000000, channelorder=0, peakvolume=1.000000.
[LOG] SystemI::createSoundInternal             : Create name='', mode=0x02000202
[LOG] SystemI::createSoundInternal             : exinfo->cbsize             = 232
[LOG] SystemI::createSoundInternal             : exinfo->length             = 1345888
[LOG] SystemI::createSoundInternal             : exinfo->fileoffset         = 24032
[LOG] SystemI::createSoundInternal             : exinfo->numsubsounds       = 1
[LOG] SystemI::createSoundInternal             : exinfo->inclusionlist      = 0000004D4EB6F0BC
[LOG] SystemI::createSoundInternal             : exinfo->inclusionlistnum   = 1
[LOG] SystemI::createSoundInternal             : exinfo->suggestedsoundtype = 5
[LOG] SystemI::createSoundInternal             : exinfo->useropen           = 00007FFC11B80EE0
[LOG] SystemI::createSoundInternal             : exinfo->userclose          = 00007FFC11B80EB0
[LOG] SystemI::createSoundInternal             : exinfo->userread           = 00007FFC11B80FB0
[LOG] SystemI::createSoundInternal             : exinfo->userseek           = 00007FFC11B81070
[LOG] SystemI::createSoundInternal             : exinfo->fileuserdata       = 0000024B1155F908
[LOG] SystemI::createSoundInternal             : exinfo->initialseekpostype = 1
[LOG] SystemI::DSPCodecPoolRegister            : register codec pool for pool type 5
[LOG] SystemI::createSoundInternal             : Sample 0/1: name='Metal Favit', format=2, channels=2, frequency=48000, lengthbytes=3328, lengthpcm=9739, pcmblocksize=0, loopstart=0, loopend=0, mode=0x00000000, channelmask=0x00000000, channelorder=0, peakvolume=0.891251.
[LOG] SystemI::createSoundInternal             : Create name='', mode=0x02000202
[LOG] SystemI::createSoundInternal             : exinfo->cbsize             = 232
[LOG] SystemI::createSoundInternal             : exinfo->length             = 1345888
[LOG] SystemI::createSoundInternal             : exinfo->fileoffset         = 24032
[LOG] SystemI::createSoundInternal             : exinfo->numsubsounds       = 1
[LOG] SystemI::createSoundInternal             : exinfo->inclusionlist      = 0000004D4EB6F0BC
[LOG] SystemI::createSoundInternal             : exinfo->inclusionlistnum   = 1
[LOG] SystemI::createSoundInternal             : exinfo->suggestedsoundtype = 5
[LOG] SystemI::createSoundInternal             : exinfo->useropen           = 00007FFC11B80EE0
[LOG] SystemI::createSoundInternal             : exinfo->userclose          = 00007FFC11B80EB0
[LOG] SystemI::createSoundInternal             : exinfo->userread           = 00007FFC11B80FB0
[LOG] SystemI::createSoundInternal             : exinfo->userseek           = 00007FFC11B81070
[LOG] SystemI::createSoundInternal             : exinfo->fileuserdata       = 0000024B1155F908
[LOG] SystemI::createSoundInternal             : exinfo->initialseekpostype = 1
[LOG] SystemI::DSPCodecPoolRegister            : register codec pool for pool type 5
[LOG] SystemI::createSoundInternal             : Sample 0/1: name='Metallic FoundOne', format=2, channels=2, frequency=48000, lengthbytes=13696, lengthpcm=64365, pcmblocksize=0, loopstart=0, loopend=0, mode=0x00000000, channelmask=0x00000000, channelorder=0, peakvolume=0.995323.
[LOG] SystemI::createSoundInternal             : Create name='', mode=0x02000202
[LOG] SystemI::createSoundInternal             : exinfo->cbsize             = 232
[LOG] SystemI::createSoundInternal             : exinfo->length             = 1345888
[LOG] SystemI::createSoundInternal             : exinfo->fileoffset         = 24032
[LOG] SystemI::createSoundInternal             : exinfo->numsubsounds       = 1
[LOG] SystemI::createSoundInternal             : exinfo->inclusionlist      = 0000004D4EB6F0BC
[LOG] SystemI::createSoundInternal             : exinfo->inclusionlistnum   = 1
[LOG] SystemI::createSoundInternal             : exinfo->suggestedsoundtype = 5
[LOG] SystemI::createSoundInternal             : exinfo->useropen           = 00007FFC11B80EE0
[LOG] SystemI::createSoundInternal             : exinfo->userclose          = 00007FFC11B80EB0
[LOG] SystemI::createSoundInternal             : exinfo->userread           = 00007FFC11B80FB0
[LOG] SystemI::createSoundInternal             : exinfo->userseek           = 00007FFC11B81070
[LOG] SystemI::createSoundInternal             : exinfo->fileuserdata       = 0000024B1155F908
[LOG] SystemI::createSoundInternal             : exinfo->initialseekpostype = 1
[LOG] SystemI::DSPCodecPoolRegister            : register codec pool for pool type 5
[LOG] SystemI::createSoundInternal             : Sample 0/1: name='Metallic JustIs', format=2, channels=2, frequency=48000, lengthbytes=3360, lengthpcm=11058, pcmblocksize=0, loopstart=0, loopend=0, mode=0x00000000, channelmask=0x00000000, channelorder=0, peakvolume=1.000000.
[LOG] SystemI::createSoundInternal             : Create name='', mode=0x02000202
[LOG] SystemI::createSoundInternal             : exinfo->cbsize             = 232
[LOG] SystemI::createSoundInternal             : exinfo->length             = 1345888
[LOG] SystemI::createSoundInternal             : exinfo->fileoffset         = 24032
[LOG] SystemI::createSoundInternal             : exinfo->numsubsounds       = 1
[LOG] SystemI::createSoundInternal             : exinfo->inclusionlist      = 0000004D4EB6F0BC
[LOG] SystemI::createSoundInternal             : exinfo->inclusionlistnum   = 1
[LOG] SystemI::createSoundInternal             : exinfo->suggestedsoundtype = 5
[LOG] SystemI::createSoundInternal             : exinfo->useropen           = 00007FFC11B80EE0
[LOG] SystemI::createSoundInternal             : exinfo->userclose          = 00007FFC11B80EB0
[LOG] SystemI::createSoundInternal             : exinfo->userread           = 00007FFC11B80FB0
[LOG] SystemI::createSoundInternal             : exinfo->userseek           = 00007FFC11B81070
[LOG] SystemI::createSoundInternal             : exinfo->fileuserdata       = 0000024B1155F908
[LOG] SystemI::createSoundInternal             : exinfo->initialseekpostype = 1
[LOG] SystemI::DSPCodecPoolRegister            : register codec pool for pool type 5
[LOG] SystemI::createSoundInternal             : Sample 0/1: name='Metallic Metallite 8', format=2, channels=2, frequency=48000, lengthbytes=9088, lengthpcm=36141, pcmblocksize=0, loopstart=0, loopend=0, mode=0x00000000, channelmask=0x00000000, channelorder=0, peakvolume=0.969812.
[LOG] SystemI::createSoundInternal             : Create name='', mode=0x02000202
[LOG] SystemI::createSoundInternal             : exinfo->cbsize             = 232
[LOG] SystemI::createSoundInternal             : exinfo->length             = 1345888
[LOG] SystemI::createSoundInternal             : exinfo->fileoffset         = 24032
[LOG] SystemI::createSoundInternal             : exinfo->numsubsounds       = 1
[LOG] SystemI::createSoundInternal             : exinfo->inclusionlist      = 0000004D4EB6F0BC
[LOG] SystemI::createSoundInternal             : exinfo->inclusionlistnum   = 1
[LOG] SystemI::createSoundInternal             : exinfo->suggestedsoundtype = 5
[LOG] SystemI::createSoundInternal             : exinfo->useropen           = 00007FFC11B80EE0
[LOG] SystemI::createSoundInternal             : exinfo->userclose          = 00007FFC11B80EB0
[LOG] SystemI::createSoundInternal             : exinfo->userread           = 00007FFC11B80FB0
[LOG] SystemI::createSoundInternal             : exinfo->userseek           = 00007FFC11B81070
[LOG] SystemI::createSoundInternal             : exinfo->fileuserdata       = 0000024B1155F908
[LOG] SystemI::createSoundInternal             : exinfo->initialseekpostype = 1
[LOG] SystemI::DSPCodecPoolRegister            : register codec pool for pool type 5
[LOG] SystemI::createSoundInternal             : Sample 0/1: name='Metallic DuoTone 2', format=2, channels=2, frequency=48000, lengthbytes=8960, lengthpcm=32124, pcmblocksize=0, loopstart=0, loopend=0, mode=0x00000000, channelmask=0x00000000, channelorder=0, peakvolume=1.000000.
[LOG] SystemI::createSoundInternal             : Create name='', mode=0x02000202
[LOG] SystemI::createSoundInternal             : exinfo->cbsize             = 232
[LOG] SystemI::createSoundInternal             : exinfo->length             = 1345888
[LOG] SystemI::createSoundInternal             : exinfo->fileoffset         = 24032
[LOG] SystemI::createSoundInternal             : exinfo->numsubsounds       = 1
[LOG] SystemI::createSoundInternal             : exinfo->inclusionlist      = 0000004D4EB6F0BC
[LOG] SystemI::createSoundInternal             : exinfo->inclusionlistnum   = 1
[LOG] SystemI::createSoundInternal             : exinfo->suggestedsoundtype = 5
[LOG] SystemI::createSoundInternal             : exinfo->useropen           = 00007FFC11B80EE0
[LOG] SystemI::createSoundInternal             : exinfo->userclose          = 00007FFC11B80EB0
[LOG] SystemI::createSoundInternal             : exinfo->userread           = 00007FFC11B80FB0
[LOG] SystemI::createSoundInternal             : exinfo->userseek           = 00007FFC11B81070
[LOG] SystemI::createSoundInternal             : exinfo->fileuserdata       = 0000024B1155F908
[LOG] SystemI::createSoundInternal             : exinfo->initialseekpostype = 1
[LOG] SystemI::DSPCodecPoolRegister            : register codec pool for pool type 5
[LOG] SystemI::createSoundInternal             : Sample 0/1: name='Metallic Eulberg', format=2, channels=2, frequency=48000, lengthbytes=9056, lengthpcm=34015, pcmblocksize=0, loopstart=0, loopend=0, mode=0x00000000, channelmask=0x00000000, channelorder=0, peakvolume=0.863403.
[LOG] SystemI::createSoundInternal             : Create name='', mode=0x02000202
[LOG] SystemI::createSoundInternal             : exinfo->cbsize             = 232
[LOG] SystemI::createSoundInternal             : exinfo->length             = 1345888
[LOG] SystemI::createSoundInternal             : exinfo->fileoffset         = 24032
[LOG] SystemI::createSoundInternal             : exinfo->numsubsounds       = 1
[LOG] SystemI::createSoundInternal             : exinfo->inclusionlist      = 0000004D4EB6F0BC
[LOG] SystemI::createSoundInternal             : exinfo->inclusionlistnum   = 1
[LOG] SystemI::createSoundInternal             : exinfo->suggestedsoundtype = 5
[LOG] SystemI::createSoundInternal             : exinfo->useropen           = 00007FFC11B80EE0
[LOG] SystemI::createSoundInternal             : exinfo->userclose          = 00007FFC11B80EB0
[LOG] SystemI::createSoundInternal             : exinfo->userread           = 00007FFC11B80FB0
[LOG] SystemI::createSoundInternal             : exinfo->userseek           = 00007FFC11B81070
[LOG] SystemI::createSoundInternal             : exinfo->fileuserdata       = 0000024B1155F908
[LOG] SystemI::createSoundInternal             : exinfo->initialseekpostype = 1
[LOG] SystemI::DSPCodecPoolRegister            : register codec pool for pool type 5
[LOG] SystemI::createSoundInternal             : Sample 0/1: name='Metallic Metallite 7', format=2, channels=2, frequency=48000, lengthbytes=6464, lengthpcm=44401, pcmblocksize=0, loopstart=0, loopend=0, mode=0x00000000, channelmask=0x00000000, channelorder=0, peakvolume=1.000000.
[LOG] SystemI::createSoundInternal             : Create name='', mode=0x02000202
[LOG] SystemI::createSoundInternal             : exinfo->cbsize             = 232
[LOG] SystemI::createSoundInternal             : exinfo->length             = 1345888
[LOG] SystemI::createSoundInternal             : exinfo->fileoffset         = 24032
[LOG] SystemI::createSoundInternal             : exinfo->numsubsounds       = 1
[LOG] SystemI::createSoundInternal             : exinfo->inclusionlist      = 0000004D4EB6F0BC
[LOG] SystemI::createSoundInternal             : exinfo->inclusionlistnum   = 1
[LOG] SystemI::createSoundInternal             : exinfo->suggestedsoundtype = 5
[LOG] SystemI::createSoundInternal             : exinfo->useropen           = 00007FFC11B80EE0
[LOG] SystemI::createSoundInternal             : exinfo->userclose          = 00007FFC11B80EB0
[LOG] SystemI::createSoundInternal             : exinfo->userread           = 00007FFC11B80FB0
[LOG] SystemI::createSoundInternal             : exinfo->userseek           = 00007FFC11B81070
[LOG] SystemI::createSoundInternal             : exinfo->fileuserdata       = 0000024B1155F908
[LOG] SystemI::createSoundInternal             : exinfo->initialseekpostype = 1
[LOG] SystemI::DSPCodecPoolRegister            : register codec pool for pool type 5
[LOG] SystemI::createSoundInternal             : Sample 0/1: name='Metallic DuoTone 1', format=2, channels=2, frequency=48000, lengthbytes=6656, lengthpcm=22985, pcmblocksize=0, loopstart=0, loopend=0, mode=0x00000000, channelmask=0x00000000, channelorder=0, peakvolume=1.000000.
[LOG] SystemI::createSoundInternal             : Create name='', mode=0x02000202
[LOG] SystemI::createSoundInternal             : exinfo->cbsize             = 232
[LOG] SystemI::createSoundInternal             : exinfo->length             = 1345888
[LOG] SystemI::createSoundInternal             : exinfo->fileoffset         = 24032
[LOG] SystemI::createSoundInternal             : exinfo->numsubsounds       = 1
[LOG] SystemI::createSoundInternal             : exinfo->inclusionlist      = 0000004D4EB6F0BC
[LOG] SystemI::createSoundInternal             : exinfo->inclusionlistnum   = 1
[LOG] SystemI::createSoundInternal             : exinfo->suggestedsoundtype = 5
[LOG] SystemI::createSoundInternal             : exinfo->useropen           = 00007FFC11B80EE0
[LOG] SystemI::createSoundInternal             : exinfo->userclose          = 00007FFC11B80EB0
[LOG] SystemI::createSoundInternal             : exinfo->userread           = 00007FFC11B80FB0
[LOG] SystemI::createSoundInternal             : exinfo->userseek           = 00007FFC11B81070
[LOG] SystemI::createSoundInternal             : exinfo->fileuserdata       = 0000024B1155F908
[LOG] SystemI::createSoundInternal             : exinfo->initialseekpostype = 1
[LOG] SystemI::DSPCodecPoolRegister            : register codec pool for pool type 5
[LOG] SystemI::createSoundInternal             : Sample 0/1: name='Metallic BoomPap', format=2, channels=2, frequency=48000, lengthbytes=3488, lengthpcm=15000, pcmblocksize=0, loopstart=0, loopend=0, mode=0x00000000, channelmask=0x00000000, channelorder=0, peakvolume=0.273743.
[LOG] SystemI::createSoundInternal             : Create name='', mode=0x02000202
[LOG] SystemI::createSoundInternal             : exinfo->cbsize             = 232
[LOG] SystemI::createSoundInternal             : exinfo->length             = 1345888
[LOG] SystemI::createSoundInternal             : exinfo->fileoffset         = 24032
[LOG] SystemI::createSoundInternal             : exinfo->numsubsounds       = 1
[LOG] SystemI::createSoundInternal             : exinfo->inclusionlist      = 0000004D4EB6F0BC
[LOG] SystemI::createSoundInternal             : exinfo->inclusionlistnum   = 1
[LOG] SystemI::createSoundInternal             : exinfo->suggestedsoundtype = 5
[LOG] SystemI::createSoundInternal             : exinfo->useropen           = 00007FFC11B80EE0
[LOG] SystemI::createSoundInternal             : exinfo->userclose          = 00007FFC11B80EB0
[LOG] SystemI::createSoundInternal             : exinfo->userread           = 00007FFC11B80FB0
[LOG] SystemI::createSoundInternal             : exinfo->userseek           = 00007FFC11B81070
[LOG] SystemI::createSoundInternal             : exinfo->fileuserdata       = 0000024B1155F908
[LOG] SystemI::createSoundInternal             : exinfo->initialseekpostype = 1
[LOG] SystemI::DSPCodecPoolRegister            : register codec pool for pool type 5
[LOG] SystemI::createSoundInternal             : Sample 0/1: name='Metallic RachetIt', format=2, channels=2, frequency=48000, lengthbytes=8736, lengthpcm=33455, pcmblocksize=0, loopstart=0, loopend=0, mode=0x00000000, channelmask=0x00000000, channelorder=0, peakvolume=1.000000.
[LOG] SystemI::createSoundInternal             : Create name='', mode=0x02000202
[LOG] SystemI::createSoundInternal             : exinfo->cbsize             = 232
[LOG] SystemI::createSoundInternal             : exinfo->length             = 1345888
[LOG] SystemI::createSoundInternal             : exinfo->fileoffset         = 24032
[LOG] SystemI::createSoundInternal             : exinfo->numsubsounds       = 1
[LOG] SystemI::createSoundInternal             : exinfo->inclusionlist      = 0000004D4EB6F0BC
[LOG] SystemI::createSoundInternal             : exinfo->inclusionlistnum   = 1
[LOG] SystemI::createSoundInternal             : exinfo->suggestedsoundtype = 5
[LOG] SystemI::createSoundInternal             : exinfo->useropen           = 00007FFC11B80EE0
[LOG] SystemI::createSoundInternal             : exinfo->userclose          = 00007FFC11B80EB0
[LOG] SystemI::createSoundInternal             : exinfo->userread           = 00007FFC11B80FB0
[LOG] SystemI::createSoundInternal             : exinfo->userseek           = 00007FFC11B81070
[LOG] SystemI::createSoundInternal             : exinfo->fileuserdata       = 0000024B1155F908
[LOG] SystemI::createSoundInternal             : exinfo->initialseekpostype = 1
[LOG] SystemI::DSPCodecPoolRegister            : register codec pool for pool type 5
[LOG] SystemI::createSoundInternal             : Sample 0/1: name='Metallic Materials 2', format=2, channels=2, frequency=48000, lengthbytes=6368, lengthpcm=31227, pcmblocksize=0, loopstart=0, loopend=0, mode=0x00000000, channelmask=0x00000000, channelorder=0, peakvolume=0.822305.
[LOG] SystemI::createSoundInternal             : Create name='', mode=0x02000202
[LOG] SystemI::createSoundInternal             : exinfo->cbsize             = 232
[LOG] SystemI::createSoundInternal             : exinfo->length             = 1345888
[LOG] SystemI::createSoundInternal             : exinfo->fileoffset         = 24032
[LOG] SystemI::createSoundInternal             : exinfo->numsubsounds       = 1
[LOG] SystemI::createSoundInternal             : exinfo->inclusionlist      = 0000004D4EB6F0BC
[LOG] SystemI::createSoundInternal             : exinfo->inclusionlistnum   = 1
[LOG] SystemI::createSoundInternal             : exinfo->suggestedsoundtype = 5
[LOG] SystemI::createSoundInternal             : exinfo->useropen           = 00007FFC11B80EE0
[LOG] SystemI::createSoundInternal             : exinfo->userclose          = 00007FFC11B80EB0
[LOG] SystemI::createSoundInternal             : exinfo->userread           = 00007FFC11B80FB0
[LOG] SystemI::createSoundInternal             : exinfo->userseek           = 00007FFC11B81070
[LOG] SystemI::createSoundInternal             : exinfo->fileuserdata       = 0000024B1155F908
[LOG] SystemI::createSoundInternal             : exinfo->initialseekpostype = 1
[LOG] SystemI::DSPCodecPoolRegister            : register codec pool for pool type 5
[LOG] SystemI::createSoundInternal             : Sample 0/1: name='Metallic DeadNow', format=2, channels=2, frequency=48000, lengthbytes=4096, lengthpcm=13409, pcmblocksize=0, loopstart=0, loopend=0, mode=0x00000000, channelmask=0x00000000, channelorder=0, peakvolume=1.000000.
[LOG] Manager::readBank                        : fileversion = 103, compatVersion = 99 (oldest = 44, newest = 103)
[LOG] SystemI::createSound                     : filename = MonkeyJam\Build\Desktop/Master Bank.bank : mode 02010082
[LOG] SystemI::createSound                     : FMOD_NONBLOCKING specified.  Putting into queue to be opened asynchronously!
[LOG] SystemI::createSound                     : setdata soundi = 0000024B1ECFEF78 : node = 0000024B0DD16220
[LOG] SystemI::createSound                     : add node to async list : head = 0000024B0DA01BF8.  list count = 0
[LOG] AsyncThread::threadFunc                  : Starting Asynchronous operation on sound 0000024B1ECFEF78
[LOG] SystemI::createSoundInternal             :     Create name='MonkeyJam\Build\Desktop/Master Bank.bank', mode=0x02010082
[LOG] SystemI::createSoundInternal             :     exinfo->cbsize             = 232
[LOG] SystemI::createSoundInternal             :     exinfo->length             = 1345888
[LOG] SystemI::createSoundInternal             :     exinfo->fileoffset         = 24032
[LOG] SystemI::createSoundInternal             :     exinfo->numsubsounds       = 1
[LOG] SystemI::createSoundInternal             :     exinfo->inclusionlist      = 0000024B0DD16338
[LOG] SystemI::createSoundInternal             :     exinfo->inclusionlistnum   = 1
[LOG] SystemI::createSoundInternal             :     exinfo->suggestedsoundtype = 5
[LOG] SystemI::createSoundInternal             :     exinfo->initialseekposition = 14117
[LOG] SystemI::createSoundInternal             :     exinfo->initialseekpostype = 1
[LOG] SystemI::createSoundInternal             :     Stream 0/1: name='final Test', format=2, channels=2, frequency=48000, lengthbytes=1099680, lengthpcm=3839998, pcmblocksize=0, loopstart=0, loopend=0, mode=0x00000000, channelmask=0x00000000, channelorder=0, peakvolume=1.000000.
[LOG] AsyncThread::threadFunc                  : Finished Asynchronous operation on sound 0000024B1ECFEF78
[LOG] SoundI::getSubSound                      : sound 0000024B1ECFEF78.  Subsound index 0 / 1
[LOG] SoundI::release                          : final Test (0000024B1ED00C28)
[LOG] SoundI::release                          :     final Test (0000024B0DA00728)
[LOG] SoundI::release                          :     final Test (0000024B1ECFFEA8)
[LOG] Manager::readBank                        : fileversion = 103, compatVersion = 99 (oldest = 44, newest = 103)
[LOG] Manager::readBank                        : fileversion = 103, compatVersion = 99 (oldest = 44, newest = 103)
[LOG] Manager::readBank                        : fileversion = 103, compatVersion = 99 (oldest = 44, newest = 103)
[LOG] Manager::readBank                        : fileversion = 103, compatVersion = 99 (oldest = 44, newest = 103)
[LOG] SystemI::createSound                     : filename = MonkeyJam\Build\Desktop/Master Bank.bank : mode 02010082
[LOG] SystemI::createSound                     : FMOD_NONBLOCKING specified.  Putting into queue to be opened asynchronously!
[LOG] SystemI::createSound                     : setdata soundi = 0000024B1ECFFEA8 : node = 0000024B0DD164C0
[LOG] SystemI::createSound                     : add node to async list : head = 0000024B0DA01BF8.  list count = 0
[LOG] AsyncThread::threadFunc                  : Starting Asynchronous operation on sound 0000024B1ECFFEA8
[LOG] SystemI::createSoundInternal             :     Create name='MonkeyJam\Build\Desktop/Master Bank.bank', mode=0x02010082
[LOG] SystemI::createSoundInternal             :     exinfo->cbsize             = 232
[LOG] SystemI::createSoundInternal             :     exinfo->length             = 1345888
[LOG] SystemI::createSoundInternal             :     exinfo->fileoffset         = 24032
[LOG] SystemI::createSoundInternal             :     exinfo->numsubsounds       = 1
[LOG] SystemI::createSoundInternal             :     exinfo->inclusionlist      = 0000024B0DD165D8
[LOG] SystemI::createSoundInternal             :     exinfo->inclusionlistnum   = 1
[LOG] SystemI::createSoundInternal             :     exinfo->suggestedsoundtype = 5
[LOG] SystemI::createSoundInternal             :     exinfo->initialseekposition = 14117
[LOG] SystemI::createSoundInternal             :     exinfo->initialseekpostype = 1
[LOG] SystemI::createSoundInternal             :     Stream 0/1: name='final Test', format=2, channels=2, frequency=48000, lengthbytes=1099680, lengthpcm=3839998, pcmblocksize=0, loopstart=0, loopend=0, mode=0x00000000, channelmask=0x00000000, channelorder=0, peakvolume=1.000000.
[LOG] AsyncThread::threadFunc                  : Finished Asynchronous operation on sound 0000024B1ECFFEA8
[LOG] SoundI::getSubSound                      : sound 0000024B1ECFFEA8.  Subsound index 0 / 1
[LOG] SoundI::release                          : final Test (0000024B1ECFEF78)
[LOG] SoundI::release                          :     final Test (0000024B0CD84F08)
[LOG] SoundI::release                          :     final Test (0000024B1ECFFCF8)
[LOG] SoundI::release                          : final Test (0000024B1ECFFEA8)
[LOG] SoundI::release                          :     final Test (0000024B0CD82E88)
[LOG] SoundI::release                          :     final Test (0000024B1ED00C28)
[LOG] SoundI::release                          :  (0000024B127704D8)
[LOG] SoundI::release                          :     Metal Favit (0000024B0CD86288)
[LOG] SoundI::release                          :  (0000024B79D6DD88)
[LOG] SoundI::release                          :     Metal Hardfist (0000024B0CD85588)
[LOG] SoundI::release                          :  (0000024B1276F958)
[LOG] SoundI::release                          :     Metallic AllOver (0000024B0CD85728)
[LOG] SoundI::release                          :  (0000024B79B6A4D8)
[LOG] SoundI::release                          :     Metallic BoomPap (0000024B0CD83EC8)
[LOG] SoundI::release                          :  (0000024B79B6A7B8)
[LOG] SoundI::release                          :     Metallic DeadNow (0000024B0CD84068)
[LOG] SoundI::release                          :  (0000024B79D6D658)
[LOG] SoundI::release                          :     Metallic DontFront (0000024B0CD865C8)
[LOG] SoundI::release                          :  (0000024B71207DC8)
[LOG] SoundI::release                          :     Metallic DropTwo (0000024B0CD86428)
[LOG] SoundI::release                          :  (0000024B79B6A368)
[LOG] SoundI::release                          :     Metallic DuoTone 1 (0000024B0CD86AA8)
[LOG] SoundI::release                          :  (0000024B79B6A928)
[LOG] SoundI::release                          :     Metallic DuoTone 2 (0000024B0CD83D28)
[LOG] SoundI::release                          :  (0000024B790E2D38)
[LOG] SoundI::release                          :     Metallic Ektl B (0000024B0CD83508)
[LOG] SoundI::release                          :  (0000024B79B6B618)
[LOG] SoundI::release                          :     Metallic Eulberg (0000024B0CD843A8)
[LOG] SoundI::release                          :  (0000024B6CC5FC68)
[LOG] SoundI::release                          :     Metallic FoundOne (0000024B0CD86908)
[LOG] SoundI::release                          :  (0000024B44480B88)
[LOG] SoundI::release                          :     Metallic JustIs (0000024B0CD858C8)
[LOG] SoundI::release                          :  (0000024B79B6A648)
[LOG] SoundI::release                          :     Metallic Materials 2 (0000024B0CD83368)
[LOG] SoundI::release                          :  (0000024B79D6DAA8)
[LOG] SoundI::release                          :     Metallic Metallite 1 (0000024B0CD846E8)
[LOG] SoundI::release                          :  (0000024B79B6B8F8)
[LOG] SoundI::release                          :     Metallic Metallite 7 (0000024B0CD831C8)
[LOG] SoundI::release                          :  (0000024B7909DB88)
[LOG] SoundI::release                          :     Metallic Metallite 8 (0000024B0CD84D68)
[LOG] SoundI::release                          :  (0000024B79B6AC08)
[LOG] SoundI::release                          :     Metallic RachetIt (0000024B0CD86C48)
[LOG] SoundI::release                          :  (0000024B790E2BC8)
[LOG] SoundI::release                          :     Metallic ThinPiece (0000024B0CD83B88)
[LOG] SoundI::release                          :  (0000024B71209918)
[LOG] SoundI::release                          :     Metallic ThinRod (0000024B0CD860E8)
[LOG] Thread::callback                         : FMOD Studio update thread finished.
[LOG] Thread::callback                         : FMOD Studio bank load thread finished.
[LOG] Profile::disconnectAll                   : Profiler disconnecting all clients
[LOG] Thread::callback                         : FMOD Studio sample load thread finished.
[LOG] LiveUpdate::release                      : 
[LOG] LiveUpdate::reset                        : Reset connection (reason Disconnected)
[LOG] Thread::callback                         : FMOD stream thread finished.
[LOG] Thread::callback                         : FMOD mixer thread finished.
[LOG] Profile::disconnectAll                   : Profiler disconnecting all clients
[LOG] SystemI::close                           : Closed.
[LOG] Manager::readBank                        : fileversion = 103, compatVersion = 99 (oldest = 44, newest = 103)
[LOG] Manager::readBank                        : fileversion = 103, compatVersion = 99 (oldest = 44, newest = 103)
[LOG] Manager::readBank                        : fileversion = 103, compatVersion = 99 (oldest = 44, newest = 103)
